Arguments: 
  /usr/local/bin/node /usr/local/Cellar/yarn/1.22.10/libexec/bin/yarn.js add react-router-breadcrumbs-hoc

PATH: 
  /usr/local/bin:/usr/bin:/bin:/usr/sbin:/sbin

Yarn version: 
  1.22.10

Node version: 
  14.16.0

Platform: 
  darwin x64

Trace: 
  Error: ENOENT: no such file or directory, copyfile '/Users/yangxueyou/Library/Caches/Yarn/v6/npm-strip-ansi-6.0.0-0b1571dd7669ccd4f3e06e14ef1eed26225ae532-integrity/node_modules/strip-ansi/index.d.ts' -> '/Users/yangxueyou/Documents/test/full_stack_development/node_modules/boxen/node_modules/strip-ansi/index.d.ts'

npm manifest: 
  {
    "name": "api",
    "version": "1.0.0",
    "description": "",
    "main": "index.js",
    "scripts": {
      "start": "nodemon src/app.js"
    },
    "keywords": [],
    "author": "",
    "license": "ISC",
    "dependencies": {
      "body-parser": "^1.19.0",
      "express": "^4.17.1",
      "mysql2": "^2.2.5",
      "sequelize": "^6.4.0",
      "sequelize-cli": "^6.2.0"
    },
    "devDependencies": {
      "nodemon": "^2.0.7"
    }
  }

yarn manifest: 
  No manifest

Lockfile: 
  No lockfile
